\BOOKMARK [1][-]{section*.2}{\376\377\004\037\004\100\004\065\004\064\004\070\004\101\004\073\004\076\004\062\004\070\004\065}{}% 1
\BOOKMARK [1][-]{section.1}{\376\377\004\020\004\073\004\063\004\065\004\061\004\100\004\060\000\040\004\073\004\076\004\063\004\070\004\072\004\070}{}% 2
\BOOKMARK [2][-]{subsection.1.1}{\376\377\004\021\004\103\004\073\004\065\004\062\004\060\000\040\004\060\004\073\004\063\004\065\004\061\004\100\004\060}{section.1}% 3
\BOOKMARK [2][-]{subsection.1.2}{\376\377\004\033\004\076\004\063\004\070\004\107\004\065\004\101\004\072\004\070\004\065\000\040\004\067\004\060\004\072\004\076\004\075\004\113}{section.1}% 4
\BOOKMARK [2][-]{subsection.1.3}{\376\377\004\037\004\100\004\065\004\076\004\061\004\100\004\060\004\067\004\076\004\062\004\060\004\075\004\070\004\065\000\040\004\070\000\040\004\103\004\077\004\100\004\076\004\111\004\065\004\075\004\070\004\065\000\040\004\104\004\076\004\100\004\074\004\103\004\073}{section.1}% 5
\BOOKMARK [1][-]{section.2}{\376\377\004\034\004\075\004\076\004\066\004\065\004\101\004\102\004\062\004\060\000\040\004\070\000\040\004\073\004\076\004\063\004\070\004\072\004\060}{}% 6
\BOOKMARK [2][-]{subsection.2.1}{\376\377\004\042\004\065\004\076\004\100\004\070\004\117\000\040\004\074\004\075\004\076\004\066\004\065\004\101\004\102\004\062}{section.2}% 7
\BOOKMARK [2][-]{subsection.2.2}{\376\377\004\034\004\075\004\076\004\066\004\065\004\101\004\102\004\062\004\060\000\040\004\070\000\040\004\073\004\076\004\063\004\070\004\072\004\060}{section.2}% 8
\BOOKMARK [1][-]{section.3}{\376\377\004\034\004\060\004\102\004\065\004\074\004\060\004\102\004\070\004\107\004\065\004\101\004\072\004\070\004\065\000\040\004\076\004\077\004\100\004\065\004\064\004\065\004\073\004\065\004\075\004\070\004\117\000,\000\040\004\103\004\102\004\062\004\065\004\100\004\066\004\064\004\065\004\075\004\070\004\117\000\040\004\070\000\040\004\064\004\076\004\072\004\060\004\067\004\060\004\102\004\065\004\073\004\114\004\101\004\102\004\062\004\060}{}% 9
\BOOKMARK [2][-]{subsection.3.1}{\376\377\004\024\004\076\004\072\004\060\004\067\004\060\004\102\004\065\004\073\004\114\004\101\004\102\004\062\004\060}{section.3}% 10
\BOOKMARK [2][-]{subsection.3.2}{\376\377\004\037\004\100\004\070\004\074\004\065\004\100\004\113}{section.3}% 11
\BOOKMARK [1][-]{section.4}{\376\377\004\035\004\065\004\076\004\100\004\070\004\065\004\075\004\102\004\070\004\100\004\076\004\062\004\060\004\075\004\075\004\113\004\065\000\040\004\063\004\100\004\060\004\104\004\113}{}% 12
\BOOKMARK [2][-]{subsection.4.1}{\376\377\004\037\004\100\004\076\004\101\004\102\004\113\004\065\000\040\004\075\004\065\004\076\004\100\004\070\004\065\004\075\004\102\004\070\004\100\004\076\004\062\004\060\004\075\004\075\004\113\004\065\000\040\004\063\004\100\004\060\004\104\004\113}{section.4}% 13
\BOOKMARK [2][-]{subsection.4.2}{\376\377\004\042\004\065\004\076\004\100\004\065\004\102\004\070\004\072\004\076\000-\004\074\004\075\004\076\004\066\004\065\004\101\004\102\004\062\004\065\004\075\004\075\004\113\004\065\000\040\004\076\004\077\004\065\004\100\004\060\004\106\004\070\004\070\000\040\004\101\000\040\004\063\004\100\004\060\004\104\004\060\004\074\004\070}{section.4}% 14
\BOOKMARK [2][-]{subsection.4.3}{\376\377\004\037\004\076\004\064\004\063\004\100\004\060\004\104\004\113}{section.4}% 15
\BOOKMARK [2][-]{subsection.4.4}{\376\377\004\041\004\062\004\117\004\067\004\075\004\076\004\101\004\102\004\114}{section.4}% 16
\BOOKMARK [2][-]{subsection.4.5}{\376\377\004\024\004\065\004\100\004\065\004\062\004\114\004\117}{section.4}% 17
\BOOKMARK [2][-]{subsection.4.6}{\376\377\004\040\004\060\004\101\004\101\004\102\004\076\004\117\004\075\004\070\004\065\000\040\004\074\004\065\004\066\004\064\004\103\000\040\004\062\004\065\004\100\004\110\004\070\004\075\004\060\004\074\004\070\000.\000\040\004\024\004\070\004\060\004\074\004\065\004\102\004\100\000\040\004\063\004\100\004\060\004\104\004\060}{section.4}% 18
\BOOKMARK [2][-]{subsection.4.7}{\376\377\004\037\004\100\004\060\004\062\004\070\004\073\004\114\004\075\004\113\004\065\000\040\004\100\004\060\004\101\004\072\004\100\004\060\004\101\004\072\004\070}{section.4}% 19
\BOOKMARK [2][-]{subsection.4.8}{\376\377\004\055\004\071\004\073\004\065\004\100\004\076\004\062\004\113\000\040\004\074\004\060\004\100\004\110\004\100\004\103\004\102\004\113}{section.4}% 20
\BOOKMARK [2][-]{subsection.4.9}{\376\377\004\034\004\075\004\076\004\063\004\076\004\064\004\076\004\073\004\114\004\075\004\113\004\065\000\040\004\063\004\100\004\060\004\104\004\113\000\040\004\070\000\040\004\077\004\060\004\100\004\076\004\101\004\076\004\107\004\065\004\102\004\060\004\075\004\070\004\117}{section.4}% 21
\BOOKMARK [1][-]{section.5}{\376\377\004\036\004\100\004\070\004\065\004\075\004\102\004\070\004\100\004\076\004\062\004\060\004\075\004\075\004\113\004\065\000\040\004\063\004\100\004\060\004\104\004\113}{}% 22
\BOOKMARK [1][-]{section.6}{\376\377\004\044\004\103\004\075\004\072\004\106\004\070\004\070}{}% 23
\BOOKMARK [2][-]{subsection.6.1}{\376\377\004\044\004\076\004\100\004\074\004\060\004\073\004\114\004\075\004\076\004\065\000\040\004\076\004\077\004\100\004\065\004\064\004\065\004\073\004\065\004\075\004\070\004\065}{section.6}% 24
\BOOKMARK [2][-]{subsection.6.2}{\376\377\004\036\004\102\004\076\004\061\004\100\004\060\004\066\004\065\004\075\004\070\004\117}{section.6}% 25
\BOOKMARK [2][-]{subsection.6.3}{\376\377\004\044\004\103\004\075\004\072\004\106\004\070\004\070\000\040\004\070\000\040\004\074\004\076\004\111\004\075\004\076\004\101\004\102\004\114\000\040\004\074\004\075\004\076\004\066\004\065\004\101\004\102\004\062\004\060}{section.6}% 26
\BOOKMARK [1][-]{section.7}{\376\377\004\032\004\076\004\074\004\061\004\070\004\075\004\060\004\102\004\076\004\100\004\070\004\072\004\060}{}% 27
\BOOKMARK [2][-]{subsection.7.1}{\376\377\004\021\004\060\004\067\004\076\004\062\004\113\004\065\000\040\004\072\004\076\004\074\004\061\004\070\004\075\004\060\004\102\004\076\004\100\004\075\004\113\004\065\000\040\004\067\004\060\004\064\004\060\004\107\004\070}{section.7}% 28
\BOOKMARK [3][-]{subsubsection.7.1.1}{\376\377\004\037\004\100\004\060\004\062\004\070\004\073\004\076\000\040\004\101\004\103\004\074\004\074\004\113}{subsection.7.1}% 29
\BOOKMARK [3][-]{subsubsection.7.1.2}{\376\377\004\037\004\100\004\060\004\062\004\070\004\073\004\076\000\040\004\077\004\100\004\076\004\070\004\067\004\062\004\065\004\064\004\065\004\075\004\070\004\117}{subsection.7.1}% 30
\BOOKMARK [3][-]{subsubsection.7.1.3}{\376\377\004\037\004\076\004\064\004\101\004\107\004\121\004\102\000\040\004\077\004\076\004\064\004\074\004\075\004\076\004\066\004\065\004\101\004\102\004\062}{subsection.7.1}% 31
\BOOKMARK [2][-]{subsection.7.2}{\376\377\004\032\004\076\004\074\004\061\004\070\004\075\004\070\004\100\004\076\004\062\004\060\004\075\004\075\004\113\004\065\000\040\004\067\004\060\004\064\004\060\004\107\004\070}{section.7}% 32
\BOOKMARK [2][-]{subsection.7.3}{\376\377\004\021\004\070\004\075\004\076\004\074\004\070\004\060\004\073\004\114\004\075\004\113\004\065\000\040\004\072\004\076\004\115\004\104\004\104\004\070\004\106\004\070\004\065\004\075\004\102\004\113}{section.7}% 33
\BOOKMARK [2][-]{subsection.7.4}{\376\377\004\034\004\103\004\073\004\114\004\102\004\070\004\075\004\076\004\074\004\070\004\060\004\073\004\114\004\075\004\113\004\065\000\040\004\072\004\076\004\115\004\104\004\104\004\070\004\106\004\070\004\065\004\075\004\102\004\113}{section.7}% 34
\BOOKMARK [1][-]{section.8}{\376\377\004\021\004\070\004\075\004\060\004\100\004\075\004\113\004\065\000\040\004\076\004\102\004\075\004\076\004\110\004\065\004\075\004\070\004\117}{}% 35
\BOOKMARK [2][-]{subsection.8.1}{\376\377\004\036\004\102\004\075\004\076\004\110\004\065\004\075\004\070\004\117\000\040\004\115\004\072\004\062\004\070\004\062\004\060\004\073\004\065\004\075\004\102\004\075\004\076\004\101\004\102\004\070}{section.8}% 36
\BOOKMARK [2][-]{subsection.8.2}{\376\377\004\036\004\102\004\075\004\076\004\110\004\065\004\075\004\070\004\117\000\040\004\107\004\060\004\101\004\102\004\070\004\107\004\075\004\076\004\063\004\076\000\040\004\077\004\076\004\100\004\117\004\064\004\072\004\060}{section.8}% 37
